GO->(47, -1)
def->(35, -1)
x->(1, (4, 0))
:->(28, -1)
float->(37, -1)
;->(26, -1)
def->(35, -1)
y->(1, (5, 0))
:->(28, -1)
int->(36, -1)
=->(14, -1)
7->(0, (7, 0))
;->(26, -1)
def->(35, -1)
z->(1, (6, 0))
:->(28, -1)
int->(36, -1)
=->(14, -1)
-->(3, -1)
-1->(0, (15, 0))
;->(26, -1)
x->(1, (4, 0))
=->(14, -1)
y->(1, (5, 0))
^->(8, -1)
2->(0, (2, 0))
+->(2, -1)
z->(1, (6, 0))
^->(8, -1)
(->(24, -1)
-->(3, -1)
-2->(0, (16, 0))
)->(25, -1)
;->(26, -1)
print->(41, -1)
(->(24, -1)
`The squared hypothenuse is `->(0, (12, 0))
x->(1, (4, 0))
`.`->(0, (9, 0))
)->(25, -1)
;->(26, -1)
