index | value | parent | sibling
0 program -1 -1
1 GO 0 2
2 tempDecl 0 24
3 declList 2 14
4 declaration 3 -1
5 variableDeclaration 4 -1
6 var 5 7
7 identifier 5 8
8 @ 5 9
9 type 5 12
10 type1 9 -1
11 Int 10 -1
12 ; 5 -1
13 tempDecl 2 -1
14 stmtList 13 23
15 stmt 14 -1
16 simplStmt 15 -1
17 ioStmt 16 -1
18 read 17 19
19 ( 17 20
20 identifier 17 21
21 ) 17 22
22 ; 17 -1
23 tempDecl 13 -1
24 declList 23 37
25 declaration 24 -1
26 constDeclaration 25 -1
27 let 26 28
28 identifier 26 29
29 @ 26 30
30 type 26 33
31 type1 30 -1
32 Int 31 -1
33 = 26 34
34 expression 26 40
35 term 34 -1
36 factor 35 38
37 identifier 36 -1
38 % 35 39
39 term 35 -1
40 factor 39 -1
41 integer 40 -1
42 ; 26 -1
43 tempDecl 23 -1
44 stmtList 43 54
45 stmt 44 -1
46 simplStmt 45 -1
47 ioStmt 46 -1
48 print 47 49
49 ( 47 50
50 stringExp 47 52
51 identifier 50 -1
52 ) 47 53
53 ; 47 -1
54 tempDecl 43 -1
55 stmtList 54 65
56 stmt 55 -1
57 simplStmt 56 -1
58 ioStmt 57 -1
59 print 58 60
60 ( 58 61
61 stringExp 58 63
62 string 61 -1
63 ) 58 64
64 ; 58 -1
65 tempDecl 54 -1
66 stmtList 65 76
67 stmt 66 -1
68 simplStmt 67 -1
69 ioStmt 68 -1
70 print 69 71
71 ( 69 72
72 stringExp 69 74
73 string 72 -1
74 ) 69 75
75 ; 69 -1
76 tempDecl 65 -1
77 E 76 -1
78 STOP 0 -1
